Gene ID	CAZy ID	% Identical	Length	Mismatches	Gap Open	Gene Start	Gene End	CAZy Start	CAZy End	E Value	Bit Score
XP_001545605.1	XP_001545605.1|AA4	100.0	590	0	0	1	590	1	590	0.0e+00	1215.7
XP_024545922.1	CCD55608.1|GT2	100.0	392	0	0	1	392	1	392	2.2e-222	773.9
XP_001547235.1	ATZ45248.1|AA3_1	100.0	572	0	0	1	572	1	572	0.0e+00	1135.2
XP_001547254.1	ATZ45267.1|AA1_3	100.0	710	0	0	1	710	1	710	0.0e+00	1236.9
XP_024546029.1	ATZ45383.1|GH18	100.0	1198	0	0	1	1198	1	1198	0.0e+00	1496.1
XP_001548518.1	ATZ45448.1|GT39	100.0	953	0	0	1	953	1	953	0.0e+00	1926.4
XP_024546079.1	ATZ45466.1|CBM63	100.0	339	0	0	1	339	1	339	1.3e-141	505.4
XP_001548545.1	ATZ45473.1|GT2	100.0	905	0	0	1	905	1	905	0.0e+00	1807.0
XP_001549934.1	ATZ45530.1|AA11|CBM18	100.0	412	0	0	1	412	1	412	8.2e-204	712.2
XP_024546124.1	EAA31326.1|GH71	72.7	600	152	4	94	688	623	1215	5.6e-253	876.3
XP_024546135.1	ATZ45558.1|GH71	100.0	458	0	0	1	458	1	458	7.8e-272	938.3
XP_001550942.2	ATZ45559.1|GH71	100.0	437	0	0	1	437	1	437	5.8e-256	885.6
XP_024546145.1	ATZ45577.1|GH38	100.0	1098	0	0	1	1098	1	1098	0.0e+00	2263.4
XP_024546146.1	ATZ45578.1|GH38	100.0	1079	0	0	1	1079	1	1079	0.0e+00	2226.8
XP_024546154.1	AWP04987.1|GT13	42.6	967	522	14	119	1065	80	1033	6.4e-219	763.8
XP_024546183.1	ATZ45630.1|GT2	100.0	1218	0	0	1	1218	1	1218	0.0e+00	2400.2
XP_024546184.1	ATZ45630.1|GT2	100.0	1218	0	0	1	1218	1	1218	0.0e+00	2400.2
XP_001545950.2	ATZ45636.1|GH17	100.0	677	0	0	1	677	1	677	5.9e-276	952.6
XP_001547281.1	EAA64118.1|CBM20|GH15	47.3	579	261	11	2	571	693	1236	1.6e-152	542.3
XP_001548338.1	CCD45446.1|GH145	100.0	453	0	0	1	453	1	453	2.7e-272	939.9
XP_024546334.1	CCD45524.1|GH47	100.0	530	0	0	1	530	1	530	0.0e+00	1081.2
XP_024546337.1	CCD45528.1|GT4	100.0	3007	0	0	1	3007	1	3007	0.0e+00	5914.7
XP_001561362.1	ATZ45871.1|GH114	100.0	340	0	0	1	340	1	340	1.4e-193	677.9
XP_024546340.1	ATZ45872.1|GH135	100.0	260	0	0	1	260	1	260	8.1e-149	528.9
XP_001561324.1	ATZ45904.1|GH16	100.0	391	0	0	1	391	1	391	5.3e-184	646.4
XP_001561309.1	ATZ45915.1|GH47	100.0	731	0	0	1	731	1	731	0.0e+00	1481.5
XP_024546393.1	ATZ45965.1|GT4	100.0	441	0	0	1	441	1	441	6.0e-253	875.5
XP_024546394.1	CCA39958.1|GT15	33.6	906	463	23	1	845	447	1274	1.4e-119	433.7
XP_024546395.1	CCA39958.1|GT15	33.6	906	463	23	1	845	447	1274	1.4e-119	433.7
XP_001561223.1	ATZ45999.1|CE12	100.0	327	0	0	1	327	1	327	3.4e-160	567.0
XP_001561172.1	ATZ46035.1|GT31	100.0	543	0	0	1	543	1	543	0.0e+00	1112.8
XP_024546439.1	ATZ46043.1|AA1_3	100.0	593	0	0	1	593	1	593	0.0e+00	1234.2
XP_001561160.2	ATZ46045.1|GH92	100.0	788	0	0	1	788	1	788	0.0e+00	1616.7
XP_001561155.2	ATZ46049.1|GH28	100.0	445	0	0	1	445	1	445	1.1e-254	881.3
XP_001561154.1	ATZ46050.1|GH43_13	100.0	549	0	0	1	549	1	549	0.0e+00	1169.1
XP_024546447.1	ATZ46059.1|GH28	100.0	380	0	0	1	380	1	380	1.6e-198	694.5
XP_001561113.1	ATZ46083.1|GH125	100.0	516	0	0	1	516	1	516	1.2e-300	1034.2
XP_024546458.1	AWP04987.1|GT13	44.4	846	449	13	69	905	84	917	8.5e-205	716.8
XP_024546457.1	AWP04987.1|GT13	44.7	758	403	11	1	750	168	917	3.5e-183	644.8
XP_001561110.1	ANH22675.1|CE4	57.9	399	150	3	19	416	7	388	4.0e-129	464.2
XP_024546494.1	ATZ46142.1|AA1_3	100.0	565	0	0	1	565	1	565	0.0e+00	1167.1
XP_001561026.2	ATZ46161.1|CBM13|GH27	100.0	537	0	0	1	537	1	537	0.0e+00	1105.5
XP_001561024.2	ATZ46162.1|GH135	100.0	333	0	0	1	333	1	333	1.3e-138	495.4
XP_024546537.1	ATZ46220.1|GT50	100.0	432	0	0	1	432	1	432	1.2e-240	834.7
XP_024546559.1	ATZ46260.1|CE16	100.0	341	0	0	1	341	1	341	4.1e-201	703.0
XP_001553525.2	ATZ46271.1|CE4	100.0	303	0	0	1	303	1	303	1.8e-171	604.4
XP_024546573.1	EAA65758.1|GH13_25|GH133	49.6	794	360	9	30	809	1585	2352	1.3e-216	755.7
XP_024546576.1	ATZ46284.1|GT20	100.0	923	0	0	1	923	1	923	0.0e+00	1867.8
XP_001553563.2	ATZ46302.1|GH0	100.0	1100	0	0	1	1100	1	1100	0.0e+00	2293.8
XP_001553584.2	CCD42301.1|GH128	100.0	467	0	0	1	467	1	467	1.1e-276	954.5
XP_001553590.2	CCD42307.1|CE5	100.0	235	0	0	1	235	1	235	9.1e-123	442.2
XP_024546600.1	ATZ46327.1|GH72	100.0	288	0	0	1	288	1	288	2.5e-167	590.5
XP_024546619.1	AWP09643.1|CBM13|GT27	48.6	414	202	6	32	441	574	980	1.4e-107	392.9
XP_024546645.1	ATZ46390.1|GH3	100.0	961	0	0	1	961	1	961	0.0e+00	1864.7
XP_024546646.1	CCD43027.1|CE9	100.0	463	0	0	1	463	1	463	4.4e-270	932.6
XP_024546666.1	ATZ46428.1|GT31	100.0	457	0	0	1	457	1	457	1.1e-278	961.1
XP_024546667.1	ATZ46429.1|GT31	100.0	372	0	0	1	372	1	372	1.3e-221	771.2
XP_001556509.1	ATZ46434.1|GH13_25|GH133	100.0	1551	0	0	1	1551	1	1551	0.0e+00	3174.4
XP_001556430.1	CCD43152.1|CE5	100.0	206	0	0	1	206	1	206	5.5e-108	392.9
XP_024546725.1	ATZ46524.1|GH78	100.0	739	0	0	1	739	1	739	0.0e+00	1501.1
XP_024546734.1	ATZ46536.1|CE8	100.0	332	0	0	1	332	1	332	3.2e-182	640.2
XP_001549360.1	CCD34308.1|GH28	100.0	412	0	0	1	412	1	412	3.0e-230	800.0
XP_001549349.1	ATZ46547.1|GH17	100.0	294	0	0	1	294	1	294	3.7e-174	613.2
XP_024546744.1	ATZ46554.1|GH76	100.0	414	0	0	1	414	1	414	9.7e-237	821.6
XP_024546746.1	ATZ46556.1|AA3_2	100.0	596	0	0	1	596	1	596	0.0e+00	1142.9
XP_024546782.1	BAE64464.1|GH28	54.4	666	274	12	24	673	598	1249	3.9e-189	664.5
XP_024546784.1	ATZ46610.1|GH88	100.0	479	0	0	1	479	1	479	2.4e-287	989.9
XP_024546785.1	CCD48265.1|GH28	100.0	480	0	0	1	480	1	480	1.2e-286	987.6
XP_001555812.1	CCD48265.1|GH28	100.0	480	0	0	1	480	1	480	1.2e-286	987.6
XP_024546791.1	EAA58990.1|GH71	58.0	493	192	5	130	619	500	980	1.9e-159	565.5
XP_001555858.2	ATZ46647.1|GH16	100.0	377	0	0	1	377	1	377	1.4e-213	744.6
XP_001555860.1	ATZ46649.1|GH76	100.0	518	0	0	1	518	1	518	4.2e-306	1052.4
XP_024546814.1	ATZ46654.1|GH3	100.0	772	0	0	1	772	1	772	0.0e+00	1577.0
XP_024546816.1	ATZ46656.1|CBM24|GH71	100.0	731	0	0	1	731	1	731	0.0e+00	1349.0
XP_024546815.1	ATZ46655.1|CBM24|GH71	100.0	732	0	0	1	732	1	732	0.0e+00	1350.9
XP_024546821.1	ATZ46666.1|GT8	100.0	404	0	0	1	404	1	404	8.3e-241	835.1
XP_001555884.1	ATZ46672.1|GH18	100.0	345	0	0	1	345	1	345	4.0e-204	713.0
XP_001555894.1	ATZ46682.1|GT21	100.0	533	0	0	1	533	1	533	0.0e+00	1095.1
XP_024546839.1	ATZ46691.1|GH128	100.0	269	0	0	1	269	1	269	3.5e-163	576.6
XP_024546840.1	ATZ46692.1|GH128	100.0	276	0	0	1	276	1	276	1.9e-164	580.9
XP_024546869.1	ATZ46736.1|GH31	100.0	965	0	0	1	965	1	965	0.0e+00	2006.9
XP_024546897.1	CCD48465.1|GH13_1	100.0	500	0	0	1	500	1	500	3.7e-291	1002.7
XP_001558957.1	ATZ46811.1|GH27	100.0	454	0	0	1	454	1	454	1.7e-274	947.2
XP_001558917.2	ATZ46849.1|CBM1|GH45	100.0	330	0	0	1	330	1	330	6.7e-172	605.9
XP_024546940.1	CCD48541.1|GT39	100.0	769	0	0	1	769	1	769	0.0e+00	1582.4
XP_001558911.1	CCD48544.1|GH43_1	100.0	323	0	0	1	323	1	323	1.6e-199	697.6
XP_001558907.1	ATZ46857.1|AA9	100.0	269	0	0	1	269	1	269	3.3e-153	543.5
XP_001558878.1	ATZ46879.1|GT66	100.0	753	0	0	1	753	1	753	0.0e+00	1502.3
XP_001558858.1	CCD48605.1|GH128	100.0	409	0	0	1	409	1	409	6.1e-151	536.6
XP_001558807.1	ATZ46936.1|AA1_2	100.0	615	0	0	1	615	1	615	0.0e+00	1261.9
XP_024546996.1	ATZ46974.1|GH1	100.0	602	0	0	1	602	1	602	0.0e+00	1247.3
XP_001547671.1	ATZ46985.1|GT15	100.0	394	0	0	1	394	1	394	4.9e-246	852.4
XP_001553759.1	ATZ47079.1|GT34	100.0	469	0	0	1	469	1	469	2.3e-255	883.6
XP_001553752.1	CCD53208.1|GH16	100.0	322	0	0	1	322	1	322	2.5e-184	647.1
XP_001553750.2	ATZ47088.1|GT17	100.0	362	0	0	1	362	1	362	3.8e-213	743.0
XP_001552887.2	ATZ47112.1|PL7_4	100.0	286	0	0	1	286	1	286	3.4e-148	526.9
XP_024547082.1	ATZ47129.1|CBM1	100.0	246	0	0	1	246	1	246	1.4e-129	464.9
XP_024547083.1	ATZ47130.1|GT22	100.0	605	0	0	1	605	1	605	0.0e+00	1239.2
XP_024547084.1	EAA65371.1|GT22	68.5	355	98	3	87	429	608	960	4.2e-142	507.3
XP_024547088.1	SCD20010.1|GH146	40.4	804	450	7	29	814	81	873	2.0e-167	592.4
XP_001552779.1	ATZ47226.1|GT24	100.0	1491	0	0	1	1491	1	1491	0.0e+00	2951.4
XP_024547162.1	EAA57680.1|GH78|GH79	51.0	465	216	5	87	549	1334	1788	7.4e-126	453.8
XP_001552718.2	ATZ47276.1|GH13	100.0	585	0	0	1	585	1	585	0.0e+00	1250.0
XP_001552698.1	AAC24956.2|GH28|3.2.1.15	100.0	370	0	0	1	370	1	370	3.0e-205	716.8
XP_024547251.1	ATZ47406.1|GH17	100.0	468	0	0	1	468	1	468	1.6e-200	701.4
XP_024547252.1	ATZ47406.1|GH17	100.0	468	0	0	1	468	1	468	1.6e-200	701.4
XP_024547254.1	ATZ47408.1|GT48	100.0	1932	0	0	1	1932	1	1932	0.0e+00	3830.8
XP_001547403.1	ATZ47409.1|CBM43|GH72	100.0	540	0	0	1	540	1	540	2.1e-292	1006.9
XP_001547385.1	ATZ47423.1|AA3	100.0	678	0	0	1	678	1	678	0.0e+00	1374.0
XP_001547382.1	CCD34520.1|CE12	100.0	256	0	0	1	256	1	256	6.2e-141	502.7
XP_024547273.1	ATZ47442.1|GH16	100.0	594	0	0	1	594	1	594	0.0e+00	1209.5
XP_001548028.1	ATZ47441.1|GH16	100.0	559	0	0	1	559	1	559	0.0e+00	1099.3
XP_001551084.1	ATZ47476.1|CBM35|GH26	100.0	471	0	0	1	471	1	471	3.1e-279	963.0
XP_001551072.1	ATZ47489.1|AA1_3	100.0	663	0	0	1	663	1	663	0.0e+00	1246.9
XP_001551065.1	ATZ47495.1|GH43_6	100.0	319	0	0	1	319	1	319	1.6e-186	654.4
XP_024547318.1	ATZ47518.1|GH76	100.0	457	0	0	1	457	1	457	2.1e-264	913.7
XP_024547332.1	ATZ47545.1|GH5_12	100.0	765	0	0	1	765	1	765	0.0e+00	1622.8
XP_024547346.1	CCD43352.1|GT20	100.0	523	0	0	1	523	1	523	2.4e-309	1063.1
XP_001547607.1	CCD43358.1|GH93	100.0	384	0	0	1	384	1	384	3.8e-227	789.6
XP_024547374.1	BAZ00088.1|GT2	31.8	942	562	23	384	1291	1214	2109	1.5e-110	404.8
XP_024547375.1	BAZ00088.1|GT2	31.8	942	562	23	384	1291	1214	2109	1.5e-110	404.8
XP_001554309.1	ATZ47638.1|GH2	100.0	1057	0	0	1	1057	1	1057	0.0e+00	2192.2
XP_001554310.2	ATZ47639.1|GH71	100.0	552	0	0	1	552	1	552	0.0e+00	1097.8
XP_001548857.1	ATZ47718.1|PL1_4	100.0	384	0	0	1	384	1	384	1.5e-215	751.1
XP_024547443.1	ATZ47721.1|GT4	100.0	490	0	0	1	490	1	490	9.2e-287	988.0
XP_024547454.1	AAZ03776.1|GH11|3.2.1.8	100.0	227	0	0	1	227	1	227	2.8e-121	437.2
XP_001559494.1	ATZ47746.1|GH13_5	100.0	513	0	0	1	513	1	513	0.0e+00	1082.4
XP_001559480.1	ATZ47758.1|AA3_3	100.0	666	0	0	1	666	1	666	0.0e+00	1401.3
XP_024547526.1	ATZ47862.1|CBM1|GH5_7	100.0	444	0	0	1	444	1	444	8.2e-242	838.6
XP_001559357.1	ATZ47873.1|AA3_2	100.0	628	0	0	1	628	1	628	0.0e+00	1251.5
XP_001559355.1	AIT18914.1|GH18	32.4	1104	657	34	24	1091	15	1065	4.1e-133	478.8
XP_001559348.1	CCD43968.1|GH0	100.0	266	0	0	1	266	1	266	3.3e-145	516.9
XP_024547534.1	ATZ47880.1|GH26	100.0	425	0	0	1	425	1	425	3.9e-241	836.3
XP_024547538.1	AAV84616.1|GH28|3.2.1.15	100.0	397	0	0	1	397	1	397	1.3e-217	758.1
XP_024547555.1	ATZ47912.1|GT22	100.0	529	0	0	1	529	1	529	5.2e-312	1072.0
XP_024547556.1	CEI39478.1|CBM18|GH18	34.9	893	430	25	1	801	826	1659	1.0e-117	427.2
XP_001559281.2	ATZ47931.1|AA3_2	100.0	622	0	0	1	622	1	622	0.0e+00	1243.8
XP_024547612.1	ATZ48005.1|GH27	100.0	502	0	0	1	502	1	502	5.5e-295	1015.4
XP_001554986.1	CCD44828.1|CBM18|CE4	100.0	484	0	0	1	484	1	484	4.3e-252	872.8
XP_024547651.1	ATZ48066.1|CBM18|GH18	100.0	477	0	0	1	477	1	477	7.6e-286	984.9
XP_024547675.1	ATZ48100.1|CBM1|GH10	100.0	388	0	0	1	388	1	388	3.2e-218	760.0
XP_001560564.1	ATZ48114.1|GH92	100.0	815	0	0	1	815	1	815	0.0e+00	1669.8
XP_001560566.1	ATZ48116.1|GH12	100.0	248	0	0	1	248	1	248	9.2e-134	478.8
XP_024547690.1	AHX26706.1|GT2	34.2	734	434	15	173	868	98	820	3.9e-104	383.6
XP_001560579.2	ATZ48129.1|GT2	100.0	598	0	0	1	598	1	598	0.0e+00	1194.1
XP_001560589.1	CCD51798.1|CE8	100.0	348	0	0	1	348	1	348	1.3e-194	681.4
XP_001560590.1	ATZ48138.1|GH17	100.0	719	0	0	1	719	1	719	0.0e+00	1349.3
XP_001560614.1	ATZ48155.1|GH5_5	100.0	424	0	0	1	424	1	424	2.6e-197	690.6
XP_001560648.2	ATZ48182.1|GT32	100.0	326	0	0	1	326	1	326	1.8e-193	677.6
XP_024547766.1	ATZ48272.1|CE8	100.0	389	0	0	1	389	1	389	1.8e-229	797.3
XP_024547779.1	ATZ48291.1|GH81	100.0	866	0	0	1	866	1	866	0.0e+00	1678.7
XP_001560867.1	ATZ48346.1|CBM18|CE4	100.0	618	0	0	1	618	1	618	0.0e+00	1139.0
XP_001560882.2	ATZ48355.1|GH13_1	100.0	566	0	0	1	566	1	566	0.0e+00	1160.6
XP_001560884.1	ATZ48357.1|PL1_7	100.0	329	0	0	1	329	1	329	1.2e-178	628.2
XP_024547809.1	ATZ48364.1|AA9	100.0	229	0	0	1	229	1	229	7.5e-130	465.7
XP_001555374.1	ATZ48379.1|CBM48	100.0	481	0	0	1	481	1	481	3.8e-269	929.5
XP_024547846.1	ATZ48421.1|GT76	100.0	449	0	0	1	449	1	449	3.8e-255	882.9
XP_024547879.1	ATZ48473.1|GT8	100.0	353	0	0	1	353	1	353	9.8e-206	718.4
XP_024547902.1	ATZ48502.1|GT90	100.0	659	0	0	1	659	1	659	0.0e+00	1361.3
XP_001549864.1	ATZ48538.1|PL1_4	100.0	385	0	0	1	385	1	385	4.8e-214	746.1
XP_024548003.1	ATZ48686.1|GH3	100.0	845	0	0	1	845	1	845	0.0e+00	1685.6
XP_001546465.1	CCD34098.1|GH16	100.0	322	0	0	1	322	1	322	1.3e-201	704.5
XP_024548063.1	ATZ48768.1|GH15	100.0	550	0	0	1	550	1	550	0.0e+00	1076.2
XP_024548090.1	ATZ48819.1|CBM24|GH71	100.0	672	0	0	1	672	1	672	0.0e+00	1328.5
XP_001554464.1	ATZ48824.1|PL3_2	100.0	236	0	0	1	236	1	236	8.5e-137	488.8
XP_024548152.1	CCD46844.1|GT62	100.0	405	0	0	1	405	1	405	3.0e-235	816.6
XP_024548154.1	ATZ48920.1|GH0	100.0	403	0	0	1	403	1	403	1.9e-192	674.5
XP_024548170.1	ATZ48954.1|CBM48	100.0	755	0	0	1	755	1	755	4.6e-293	1009.6
XP_024548211.1	ATZ49010.1|GT1	100.0	257	0	0	1	257	1	257	2.7e-144	513.8
XP_001557265.2	ATZ49055.1|CBM1|CE16	100.0	466	0	0	1	466	1	466	2.9e-189	664.1
XP_001557246.1	ATZ49071.1|GH31	100.0	665	0	0	1	665	1	665	0.0e+00	1408.3
XP_001557191.1	AAM14606.1|GT2	100.0	911	0	0	1	911	1	911	0.0e+00	1820.8
XP_024548313.1	SMR56934.1|GT22	61.3	640	219	5	4	630	513	1136	3.6e-227	790.4
XP_024548343.1	AIE96983.1|GT0|GT7	30.2	1245	683	32	90	1203	7	1196	3.9e-137	492.3
XP_024548362.1	ATZ49247.1|CBM20|GH15	100.0	672	0	0	1	672	1	672	0.0e+00	1221.5
XP_001557541.1	ATZ49247.1|CBM20|GH15	100.0	672	0	0	1	672	1	672	0.0e+00	1221.5
XP_024548384.1	AIT18868.1|GH18	38.4	683	333	18	120	792	376	980	2.9e-104	382.5
XP_024548409.1	ABR20950.1|GH28	100.0	514	0	0	1	514	1	514	1.9e-242	840.9
XP_001557717.1	ATZ49413.1|GT1	100.0	213	0	0	1	213	1	213	4.7e-118	426.4
XP_024548479.1	ATZ49456.1|GH35	100.0	987	0	0	1	987	1	987	0.0e+00	1997.6
XP_024548480.1	CCD45106.1|GT2	100.0	785	0	0	1	785	1	785	0.0e+00	1581.2
XP_024548481.1	ATZ49459.1|GH12	100.0	344	0	0	1	344	1	344	5.5e-185	649.4
XP_001557784.1	ATZ49474.1|GH76	100.0	407	0	0	1	407	1	407	2.8e-236	820.1
XP_001557790.1	ATZ49479.1|GT32	100.0	561	0	0	1	561	1	561	1.7e-292	1007.3
XP_024548497.1	ATZ49484.1|GH13_1	100.0	497	0	0	1	497	1	497	1.9e-300	1033.5
XP_001549316.1	SMY27695.1|GH43_21	59.8	503	200	2	36	538	44	544	2.2e-172	608.2
XP_024548522.1	ATZ49534.1|GT31	100.0	532	0	0	1	532	1	532	0.0e+00	1104.4
XP_024548525.1	ATZ49543.1|GT4	100.0	561	0	0	1	561	1	561	0.0e+00	1090.1
XP_024548541.1	ATZ49566.1|GH43_6	100.0	321	0	0	1	321	1	321	2.4e-190	667.2
XP_001550386.1	EAA63395.1|GH2	52.0	425	192	3	3	427	854	1266	3.2e-118	427.9
XP_001550380.2	ATZ49585.1|GH47	100.0	1084	0	0	1	1084	1	1084	0.0e+00	2187.1
XP_001550354.1	ACU75807.1|CBM13	37.2	701	397	11	19	707	84	753	8.0e-122	440.7
XP_001552085.2	ATZ49691.1|GH2	100.0	879	0	0	1	879	1	879	0.0e+00	1821.2
XP_001549048.1	ATZ49740.1|GH16	100.0	453	0	0	1	453	1	453	1.8e-268	927.2
XP_024548628.1	ATZ49741.1|GT0	100.0	864	0	0	1	864	1	864	0.0e+00	1725.7
XP_024548637.1	ATZ49754.1|GT1	100.0	1339	0	0	1	1339	1	1339	0.0e+00	2576.2
XP_001549070.1	ATZ49756.1|GH5_9	100.0	415	0	0	1	415	1	415	6.9e-251	868.6
XP_001548221.1	ATZ49767.1|GH71	100.0	684	0	0	1	684	1	684	0.0e+00	1253.0
XP_001560071.2	ATZ49838.1|AA3	100.0	676	0	0	1	676	1	676	0.0e+00	1327.0
XP_024548691.1	ATZ49852.1|GH28	100.0	456	0	0	1	456	1	456	3.9e-271	936.0
XP_001560053.1	ATZ49855.1|GH0	100.0	250	0	0	1	250	1	250	4.3e-147	523.1
XP_024548698.1	CCD46667.2|GH18	100.0	377	0	0	1	377	1	377	4.8e-227	789.3
XP_001560033.1	AIT83212.1|GT4	70.2	302	88	2	1	301	14	314	1.6e-120	435.3
XP_024548737.1	ATZ49941.1|GT8	100.0	338	0	0	1	338	1	338	5.0e-199	696.0
XP_024548738.1	ATZ49942.1|GT69	100.0	424	0	0	1	424	1	424	4.3e-248	859.4
XP_001559924.2	ATZ49944.1|GH5_9	100.0	421	0	0	1	421	1	421	2.5e-256	886.7
XP_024548747.1	ATZ49961.1|AA1_3	100.0	587	0	0	1	587	1	587	0.0e+00	1227.2
XP_001559793.1	ATZ50038.1|GT2	100.0	594	0	0	1	594	1	594	0.0e+00	1190.3
XP_024548787.1	ATZ50039.1|GT31	100.0	517	0	0	1	517	1	517	6.9e-309	1061.6
XP_001559791.1	CCD46424.1|GT31	100.0	498	0	0	1	498	1	498	1.8e-301	1036.9
XP_001548625.1	ATZ50069.1|AA3_2	100.0	578	0	0	1	578	1	578	0.0e+00	1197.6
XP_024548829.1	ATZ50114.1|GH28	100.0	503	0	0	1	503	1	503	5.0e-296	1018.8
XP_024548840.1	CCD53610.1|GH72	100.0	436	0	0	1	436	1	436	1.1e-238	828.2
XP_001559635.1	ATZ50223.1|AA7|CBM18	100.0	610	0	0	1	610	1	610	0.0e+00	1138.6
XP_001559633.1	ATZ50225.1|AA3_2	100.0	612	0	0	1	612	1	612	0.0e+00	1206.4
XP_001559622.1	ATZ50233.1|CBM1|GH10	100.0	487	0	0	1	487	1	487	1.0e-229	798.5
XP_024548909.1	ANH56445.1|GH36	56.9	350	149	2	1	350	1	348	4.1e-111	404.1
XP_001559563.1	ATZ50283.1|AA3_1|AA8	100.0	823	0	0	1	823	1	823	0.0e+00	1443.7
XP_001548088.1	ATZ50332.1|GT2	100.0	514	0	0	1	514	1	514	5.7e-303	1042.0
XP_024548950.1	ATZ50334.1|GT2	100.0	484	0	0	1	484	1	484	8.8e-282	971.5
XP_024548951.1	ATZ50335.1|GH0	100.0	1118	0	0	1	1118	1	1118	0.0e+00	2169.4
XP_001548105.2	ATZ50347.1|GH64	100.0	409	0	0	1	409	1	409	3.9e-246	852.8
XP_024548975.1	ATZ50372.1|GH3	100.0	888	0	0	1	888	1	888	0.0e+00	1773.8
XP_024548995.1	ATZ50407.1|AA3_2	100.0	210	0	0	1	210	1	210	4.3e-116	419.9
XP_024549002.1	ATZ50418.1|GH76	100.0	567	0	0	1	567	1	567	0.0e+00	1171.4
XP_001545528.2	ATZ50447.1|GT32	100.0	404	0	0	1	404	1	404	1.8e-243	844.0
XP_001548433.1	CCD34381.1|GH115	100.0	1167	0	0	1	1167	1	1167	0.0e+00	2347.8
XP_001548419.1	CCD34368.1|AA9	100.0	322	0	0	1	322	1	322	2.6e-128	461.1
XP_001548417.1	ATZ50475.1|GH28	100.0	457	0	0	1	457	1	457	7.1e-265	915.2
XP_001548403.1	CCD34352.1|CE12	100.0	272	0	0	1	272	1	272	6.1e-147	522.7
XP_024549052.1	ATZ50503.1|GH89	100.0	785	0	0	1	785	1	785	0.0e+00	1624.0
XP_024549074.1	ATZ50536.1|GT71	100.0	546	0	0	1	546	1	546	0.0e+00	1083.6
XP_024549073.1	ATZ50536.1|GT71	100.0	546	0	0	1	546	1	546	0.0e+00	1083.6
XP_024549082.1	ATZ50549.1|GT1	100.0	799	0	0	1	799	1	799	0.0e+00	1585.5
XP_024549083.1	ATZ50551.1|AA9|CBM1	100.0	321	0	0	1	321	1	321	4.6e-162	573.2
XP_001560176.1	ATZ50552.1|GH12	100.0	398	0	0	1	398	1	398	3.0e-211	736.9
XP_024549086.1	ATZ50561.1|GH92	100.0	830	0	0	1	830	1	830	0.0e+00	1709.5
XP_001560201.2	CCD49259.1|GH55	100.0	812	0	0	1	812	1	812	0.0e+00	1645.6
XP_024549103.1	ATZ50592.1|AA7	100.0	523	0	0	1	523	1	523	4.3e-306	1052.4
XP_024549107.1	CCD49218.1|GH135	100.0	245	0	0	1	245	1	245	3.3e-136	486.9
XP_001560248.1	ATZ50607.1|GH135	100.0	244	0	0	1	244	1	244	2.4e-134	480.7
XP_001560308.1	ATZ50658.1|GT17	100.0	404	0	0	1	404	1	404	4.5e-239	829.3
XP_001560320.1	ATZ50665.1|GH79	100.0	479	0	0	1	479	1	479	3.0e-274	946.4
XP_024549133.1	ATZ50667.1|CBM35|GH43_24	100.0	450	0	0	1	450	1	450	4.0e-260	899.4
XP_024549136.1	ATZ50670.1|GH79	100.0	539	0	0	1	539	1	539	0.0e+00	1096.6
XP_024549140.1	ATZ50676.1|GH36	100.0	908	0	0	1	908	1	908	0.0e+00	1835.1
XP_024549147.1	ATZ50689.1|GH36	100.0	969	0	0	1	969	1	969	0.0e+00	1875.9
XP_024549150.1	CCD49084.1|AA5|CBM18	100.0	817	0	0	1	817	1	817	0.0e+00	1618.6
XP_024549166.1	ATZ50725.1|GH28	100.0	413	0	0	1	413	1	413	1.5e-242	840.9
XP_001556212.1	ATZ50846.1|GT62	100.0	374	0	0	1	374	1	374	2.3e-213	743.8
XP_024549251.1	ATZ50878.1|GH125	100.0	678	0	0	1	678	1	678	0.0e+00	1342.4
XP_001556145.1	ATZ50896.1|GH76	100.0	455	0	0	1	455	1	455	5.4e-273	942.2
XP_001556128.1	ATZ50909.1|GT2	100.0	558	0	0	1	558	1	558	0.0e+00	1125.5
XP_024549265.1	ATZ50910.1|GH0	100.0	1034	0	0	1	1034	1	1034	0.0e+00	2080.1
XP_001556114.2	ATZ50924.1|CE16	100.0	399	0	0	1	399	1	399	2.1e-188	661.0
XP_001547166.1	EAA63395.1|GH2	49.3	428	206	5	3	430	854	1270	2.3e-108	395.2
XP_001547159.1	CCD56771.1|CE5	100.0	241	0	0	1	241	1	241	4.6e-130	466.5
XP_024549321.1	CCD56796.1|GH35	100.0	1007	0	0	1	1007	1	1007	0.0e+00	2087.0
XP_024549322.1	CCD56796.1|GH35	100.0	1007	0	0	1	1007	1	1007	0.0e+00	2087.0
XP_024549325.1	ATZ51000.1|GH47	100.0	592	0	0	1	592	1	592	0.0e+00	1224.9
XP_001559203.1	ATZ51036.1|CE1	100.0	319	0	0	1	319	1	319	3.0e-193	676.8
XP_001559201.1	CCD56844.1|GH5_15	100.0	417	0	0	1	417	1	417	9.1e-251	868.2
XP_001559200.1	ATZ51038.1|GH3	100.0	777	0	0	1	777	1	777	0.0e+00	1540.8
XP_024549348.1	ATZ51039.1|GH31	100.0	766	0	0	1	766	1	766	0.0e+00	1587.4
XP_001559169.2	ATZ51061.1|AA13|CBM20	100.0	403	0	0	1	403	1	403	7.2e-221	768.8
XP_001559151.1	ATZ51080.1|GH64	100.0	416	0	0	1	416	1	416	6.1e-239	828.9
XP_001559130.2	ATZ51088.1|GT71	100.0	520	0	0	1	520	1	520	1.3e-302	1040.8
XP_024549398.1	ATZ51119.1|GT15	100.0	521	0	0	1	521	1	521	0.0e+00	1116.7
XP_024549399.1	ATZ51120.1|GT15	100.0	287	0	0	1	287	1	287	4.6e-169	596.3
XP_024549432.1	CCD57026.1|GH47	100.0	568	0	0	1	568	1	568	0.0e+00	1158.7
XP_024549435.1	ATZ51178.1|GH132	100.0	471	0	0	1	471	1	471	4.5e-214	746.5
XP_001549208.1	ATZ51178.1|GH132	100.0	471	0	0	1	471	1	471	4.5e-214	746.5
XP_024549455.1	ATZ51214.1|AA6	100.0	203	0	0	1	203	1	203	3.3e-113	410.2
XP_024549460.1	ATZ51220.1|CBM1|CE16	100.0	366	0	0	1	366	1	366	5.6e-196	686.0
XP_024549471.1	ATZ51240.1|GH78	100.0	688	0	0	1	688	1	688	0.0e+00	1397.5
XP_001555185.2	ATZ51249.1|GT1	100.0	507	0	0	1	507	1	507	2.1e-297	1023.5
XP_024549474.1	ATZ51249.1|GT1	100.0	507	0	0	1	507	1	507	2.1e-297	1023.5
XP_024549497.1	CCD43014.1|CE5	100.0	237	0	0	1	237	1	237	4.5e-130	466.5
XP_024549501.1	ATZ51291.1|AA9	100.0	246	0	0	1	246	1	246	2.6e-144	513.8
XP_024549533.1	ATZ51337.1|GT33	100.0	463	0	0	1	463	1	463	6.5e-274	945.3
XP_024549543.1	ATZ51352.1|CBM24|GH71	100.0	1216	0	0	1	1216	1	1216	0.0e+00	2199.5
XP_001555974.1	AWO98658.1|GH37	66.0	430	134	2	5	422	42	471	7.5e-165	583.2
XP_024549556.1	ATZ51372.1|GH18	100.0	393	0	0	1	393	1	393	2.6e-239	830.1
XP_001556016.2	ATZ51396.1|GT90	100.0	639	0	0	1	639	1	639	0.0e+00	1332.8
XP_001556039.1	EAA63677.1|GH1|GH95	52.8	479	197	10	38	503	1215	1677	4.3e-122	441.0
XP_024549583.1	ATZ51435.1|GT22	100.0	712	0	0	1	712	1	712	0.0e+00	1437.9
XP_024549597.1	ATZ51455.1|CBM1|GH18	100.0	422	0	0	1	422	1	422	3.8e-220	766.5
XP_024549603.1	ATZ51462.1|GT20	100.0	996	0	0	1	996	1	996	0.0e+00	2006.5
XP_024549602.1	ATZ51462.1|GT20	100.0	911	0	0	1	911	86	996	0.0e+00	1845.5
XP_024549601.1	ATZ51462.1|GT20	100.0	911	0	0	1	911	86	996	0.0e+00	1845.5
XP_024549627.1	ATZ51498.1|CE5	100.0	275	0	0	1	275	1	275	3.3e-148	526.9
XP_024549635.1	CCD46113.1|GT2	100.0	775	0	0	1	775	1	775	0.0e+00	1543.9
XP_024549650.1	ATZ51531.1|GH92	100.0	943	0	0	1	943	1	943	0.0e+00	1917.1
XP_001558789.1	ATZ51574.1|AA3_2	100.0	605	0	0	1	605	1	605	0.0e+00	1216.8
XP_024549719.1	ATZ51652.1|GH15	100.0	673	0	0	1	673	1	673	0.0e+00	1382.1
XP_024549720.1	ATZ51653.1|GH15	100.0	691	0	0	1	691	1	691	0.0e+00	1423.3
XP_024549724.1	CBA03971.1|GT30	59.6	403	160	2	44	445	3	403	7.2e-136	486.9
XP_001558673.1	CBA03971.1|GT30	59.6	403	160	2	8	409	3	403	8.8e-136	486.5
XP_001558669.1	ATZ51666.1|GH5_16	100.0	422	0	0	1	422	1	422	5.2e-246	852.4
XP_024549728.1	ATZ51668.1|CBM24|GH71	100.0	600	0	0	1	600	1	600	4.1e-305	1049.3
XP_024549732.1	CCD46325.1|GH55	100.0	783	0	0	1	783	1	783	0.0e+00	1552.7
XP_001558659.1	CCD46326.1|GH105	100.0	373	0	0	1	373	1	373	2.1e-222	773.9
XP_001558652.1	AIT18866.1|GH18	31.1	1053	659	22	14	1023	89	1118	9.5e-148	527.3
XP_001558643.2	ATZ51691.1|GH25	100.0	332	0	0	1	332	1	332	3.4e-168	593.6
XP_024549743.1	BAZ00088.1|GT2	32.5	844	504	20	71	885	1214	2020	2.4e-108	397.5
XP_024549746.1	ATZ51704.1|GT69	100.0	495	0	0	1	495	1	495	7.9e-294	1011.5
XP_024549745.1	ATZ51704.1|GT69	100.0	495	0	0	1	495	1	495	7.9e-294	1011.5
XP_001558623.1	ATZ51704.1|GT69	100.0	495	0	0	1	495	1	495	7.9e-294	1011.5
XP_024549751.1	CCD46369.1|AA3_3	100.0	603	0	0	1	603	1	603	0.0e+00	1212.6
XP_024549767.1	ATZ51743.1|CE16	100.0	402	0	0	1	402	1	402	9.7e-242	838.2
XP_024549808.1	ATZ51806.1|GH16	100.0	321	0	0	1	321	1	321	6.0e-194	679.1
XP_024549809.1	ATZ51807.1|GH16	100.0	287	0	0	1	287	1	287	4.1e-170	599.7
XP_024549824.1	ATZ51833.1|AA11	100.0	412	0	0	1	412	1	412	7.2e-200	699.1
XP_024549825.1	ATZ51835.1|GH92	100.0	846	0	0	1	846	1	846	0.0e+00	1729.9
XP_001554112.1	ATZ51905.1|GT1	100.0	452	0	0	1	452	1	452	4.6e-264	912.5
XP_024549880.1	ATZ51920.1|GT22	100.0	631	0	0	1	631	1	631	0.0e+00	1208.0
XP_024549887.1	ATZ51936.1|GH20	100.0	579	0	0	1	579	1	579	0.0e+00	1183.7
XP_001554078.1	ATZ51935.1|GH20	100.0	599	0	0	1	599	1	599	0.0e+00	1226.1
XP_024549890.1	ATZ51942.1|GH16	100.0	376	0	0	1	376	1	376	3.4e-212	740.0
XP_024549892.1	ATZ51947.1|GH16	100.0	368	0	0	1	368	1	368	2.5e-212	740.3
XP_024549896.1	EAA58983.1|GH18	46.2	517	242	10	118	613	361	862	5.7e-116	421.0
XP_024549897.1	EAA58983.1|GH18	46.2	517	242	10	118	613	361	862	5.7e-116	421.0
XP_024549895.1	EAA58983.1|GH18	46.9	465	212	9	10	453	412	862	4.3e-108	394.4
XP_001552139.1	ATZ52007.1|GH78	100.0	805	0	0	1	805	1	805	0.0e+00	1649.4
XP_001552122.2	ATZ52025.1|GH47	100.0	633	0	0	1	633	1	633	0.0e+00	1294.6
XP_024549940.1	ATZ52025.1|GH47	100.0	483	0	0	1	483	151	633	3.5e-286	986.1
XP_001549629.1	CUI24525.1|GH19	59.9	322	123	2	37	352	7	328	1.9e-104	382.9
XP_024550016.1	ATZ52130.1|AA3_2	100.0	191	0	0	1	191	1	191	9.7e-107	388.7
XP_001547732.2	ATZ52151.1|CE5	100.0	299	0	0	1	299	1	299	5.0e-150	533.1
XP_024550034.1	ATZ52158.1|GH16	100.0	770	0	0	1	770	1	770	0.0e+00	1540.0
XP_001545706.2	ATZ52165.1|GH132	100.0	530	0	0	1	530	1	530	1.5e-226	788.1
XP_001545700.1	ATZ52170.1|CBM21	100.0	776	0	0	1	776	1	776	0.0e+00	1498.4
XP_024550042.1	ATZ52175.1|GH1	100.0	488	0	0	1	488	1	488	2.0e-297	1023.5
XP_001549785.1	ATZ52176.1|GH1	100.0	456	0	0	1	456	1	456	1.5e-278	960.7
XP_024550043.1	ATZ52177.1|GH95	100.0	747	0	0	1	747	1	747	0.0e+00	1548.1
XP_001549796.1	ATZ52184.1|AA1_3	100.0	589	0	0	1	589	1	589	0.0e+00	1233.0
XP_024550080.1	ATZ52234.1|GH43_14	100.0	618	0	0	1	618	1	618	0.0e+00	1261.5
XP_024550081.1	ATZ52235.1|GT1	100.0	826	0	0	1	826	1	826	0.0e+00	1690.6
XP_001552547.1	ATZ52302.1|GT90	100.0	651	0	0	1	651	1	651	0.0e+00	1334.3
XP_001552507.1	CCD43799.2|GH51	100.0	654	0	0	1	654	1	654	0.0e+00	1331.6
XP_001552505.1	CCD43796.1|GH17	100.0	303	0	0	1	303	1	303	1.4e-176	621.3
XP_024550148.1	ATZ52348.1|CE16	100.0	303	0	0	1	303	1	303	3.2e-173	610.1
XP_024550151.1	ATZ52353.1|GT1	100.0	524	0	0	1	524	1	524	7.8e-308	1058.1
XP_001553490.1	ATZ52428.1|CE5	100.0	237	0	0	1	237	1	237	2.0e-130	467.6
XP_024550230.1	ATZ52483.1|GH18	100.0	322	0	0	1	322	1	322	1.3e-188	661.4
XP_001553415.1	ATZ52510.1|AA3_2	100.0	555	0	0	1	555	1	555	0.0e+00	1102.0
XP_024550245.1	ATZ52510.1|AA3_2	100.0	222	0	0	1	222	334	555	1.5e-122	441.4
XP_024550248.1	ATZ52514.1|CBM1|GH5_4	100.0	658	0	0	1	658	1	658	0.0e+00	1187.6
XP_024550249.1	ATZ52515.1|CBM35|GH27	100.0	666	0	0	1	666	1	666	0.0e+00	1271.5
XP_001553411.1	ATZ52516.1|GH13_1	100.0	561	0	0	1	561	1	561	0.0e+00	1148.3
XP_001553408.1	CCD46749.1|GH13_22|GT5	100.0	2467	0	0	1	2467	1	2467	0.0e+00	5012.2
XP_024550333.1	ATZ52640.1|CE8	100.0	346	0	0	1	346	1	346	3.6e-192	673.3
XP_024550334.1	CDS04937.1|GH18	34.0	2379	1330	49	292	2605	868	3071	0.0e+00	1216.1
XP_001553964.2	CED83340.1|GT31	43.4	1071	455	25	243	1179	859	1912	2.5e-216	755.4
XP_001553967.1	ATZ52739.1|PL1_4	100.0	388	0	0	1	388	1	388	8.0e-217	755.4
XP_001553998.2	ATZ52760.1|GT32	100.0	377	0	0	1	377	1	377	4.7e-222	772.7
XP_001554006.1	ATZ52763.1|AA3_2	100.0	553	0	0	1	553	1	553	0.0e+00	1145.2
XP_024550433.1	ATZ52797.1|GH16	100.0	381	0	0	1	381	1	381	1.8e-221	770.8
XP_024550432.1	ATZ52797.1|GH16	100.0	381	0	0	1	381	1	381	1.8e-221	770.8
XP_001552323.1	AOY72300.1|GH43_17	34.3	753	392	21	20	703	303	1021	1.7e-108	396.4
XP_001552368.1	ATZ52868.1|AA3_2	100.0	620	0	0	1	620	1	620	0.0e+00	1236.1
XP_001553000.1	CCD42482.1|GT15	100.0	504	0	0	1	504	1	504	9.5e-303	1041.2
XP_001553032.1	ATZ52931.1|GH16	100.0	291	0	0	1	291	1	291	2.5e-170	600.5
XP_001553083.1	ATZ52972.1|GH95	100.0	792	0	0	1	792	1	792	0.0e+00	1582.0
XP_001545724.2	ATZ52986.1|GT32	100.0	428	0	0	1	428	1	428	2.7e-205	717.2
XP_001550175.1	ATZ52997.1|GH76	100.0	441	0	0	1	441	1	441	4.6e-245	849.4
XP_001545265.2	ATZ53002.1|GH53	100.0	349	0	0	1	349	1	349	1.8e-199	697.6
XP_024550595.1	ATZ53072.1|GH3	100.0	827	0	0	1	827	1	827	0.0e+00	1527.3
XP_024550614.1	ATZ53100.1|GH18	100.0	429	0	0	1	429	1	429	6.7e-249	862.1
XP_024550615.1	AAM94807.1|GH18	100.0	304	0	0	1	304	126	429	4.2e-173	609.8
XP_024550636.1	ATZ53131.1|GH76	100.0	462	0	0	1	462	1	462	8.8e-271	934.9
XP_001552608.1	ATZ53132.1|GH17	100.0	453	0	0	1	453	1	453	2.5e-209	730.7
XP_024550696.1	ATZ53234.1|CBM1|GH7	100.0	599	0	0	1	599	1	599	7.3e-310	1065.1
XP_024550700.1	ATZ53238.1|CBM1|GH131	100.0	346	0	0	1	346	1	346	3.3e-174	613.6
XP_001546653.1	ATZ53239.1|CBM1|GH131	100.0	574	0	0	1	574	1	574	9.4e-206	719.2
XP_024550705.1	ATZ53246.1|GT2	100.0	930	0	0	1	930	1	930	0.0e+00	1884.0
XP_024550710.1	CCD55081.1|GT0	100.0	889	0	0	1	889	1	889	0.0e+00	1779.6
XP_024550711.1	ATZ53256.1|GH37	100.0	727	0	0	1	727	1	727	0.0e+00	1498.4
XP_024550738.1	CCD55162.2|CE3	100.0	329	0	0	1	329	1	329	6.2e-154	546.2
XP_001550461.1	ATZ53329.1|GH16	100.0	474	0	0	1	474	1	474	1.8e-287	990.3
XP_024550752.1	ATZ53330.1|GT0	100.0	876	0	0	1	876	1	876	0.0e+00	1728.8
XP_024550754.1	AIT18900.1|GH18	30.3	1089	636	33	17	1047	15	1038	1.0e-123	447.6
XP_024550755.1	ATZ53337.1|AA1_3	100.0	604	0	0	1	604	1	604	0.0e+00	1263.1
XP_001554597.1	ATZ53339.1|GH76	100.0	452	0	0	1	452	1	452	1.9e-270	933.7
XP_024550762.1	CAN80640.1|GT47	47.5	432	213	7	3	430	942	1363	8.0e-109	396.7
XP_001554522.1	CCD44491.1|GH3	100.0	804	0	0	1	804	1	804	0.0e+00	1636.3
XP_024550802.1	CCD44496.1|GH0	100.0	1033	0	0	1	1033	1	1033	0.0e+00	2189.1
XP_024550804.1	ATZ53418.1|GT1	100.0	793	0	0	1	793	1	793	0.0e+00	1610.9
XP_001554513.2	ATZ53419.1|GH78	100.0	830	0	0	1	830	1	830	0.0e+00	1648.6
XP_001551617.1	ATZ53509.1|GH16	100.0	894	0	0	1	894	1	894	0.0e+00	1318.9
XP_024550885.1	SMY25446.1|CBM18	38.7	592	244	13	15	518	9	569	4.3e-104	381.3
XP_001551566.1	SMY25446.1|CBM18	38.7	592	244	13	15	518	9	569	4.3e-104	381.3
XP_001551543.2	CCD44707.1|CE0	100.0	430	0	0	1	430	1	430	4.3e-256	885.9
XP_024550939.1	ATZ53634.1|AA5_2|CBM32	100.0	636	0	0	1	636	1	636	0.0e+00	1271.1
XP_024550938.1	ATZ53634.1|AA5_2|CBM32	100.0	636	0	0	1	636	1	636	0.0e+00	1271.1
XP_024550940.1	ATZ53635.1|AA5_1	100.0	1118	0	0	1	1118	1	1118	0.0e+00	2328.1
XP_024550942.1	ATZ53637.1|GH51	100.0	637	0	0	1	637	1	637	0.0e+00	1272.7
XP_024550947.1	ATZ53644.1|GH65	100.0	1004	0	0	1	1004	1	1004	0.0e+00	2035.4
XP_024550954.1	ATZ53654.1|AA3_2	100.0	623	0	0	1	623	1	623	0.0e+00	1251.5
XP_001551659.2	ATZ53683.1|GH39	100.0	464	0	0	1	464	1	464	2.8e-277	956.4
XP_024550971.1	ATZ53686.1|GH16	100.0	346	0	0	1	346	1	346	9.6e-214	745.0
XP_024550972.1	ATZ53687.1|AA1_3	100.0	600	0	0	1	600	1	600	0.0e+00	1275.0
XP_024550973.1	ATZ53688.1|AA1_3	100.0	586	0	0	1	586	1	586	0.0e+00	1246.5
XP_024550974.1	ATZ53689.1|AA1_3	100.0	602	0	0	1	602	1	602	0.0e+00	1282.3
XP_001551665.1	ATZ53691.1|GH3	100.0	961	0	0	1	961	1	961	0.0e+00	1946.4
XP_024551026.1	ATZ53770.1|GH3	100.0	829	0	0	1	829	1	829	0.0e+00	1673.3
XP_024551056.1	ATZ53824.1|GT32	100.0	531	0	0	1	531	1	531	1.8e-299	1030.4
XP_001551742.2	ATZ53837.1|GT2	100.0	411	0	0	1	411	1	411	4.3e-245	849.4
XP_001553245.1	CCD50139.1|AA9	100.0	376	0	0	1	376	1	376	7.6e-164	579.3
XP_001553240.1	ATZ53918.1|AA9	100.0	254	0	0	1	254	1	254	1.8e-145	518.1
XP_024551134.1	ATZ53949.1|GH3	100.0	808	0	0	1	808	1	808	0.0e+00	1625.5
XP_024551135.1	ATZ53950.1|GH3	100.0	790	0	0	1	790	1	790	0.0e+00	1586.6
XP_024551132.1	ATZ53949.1|GH3	100.0	759	0	0	1	759	50	808	0.0e+00	1527.3
XP_024551133.1	ATZ53950.1|GH3	100.0	741	0	0	1	741	50	790	0.0e+00	1488.4
XP_024551145.1	ATZ53965.1|GH43_26	100.0	384	0	0	1	384	1	384	9.3e-234	811.6
XP_024551144.1	ATZ53964.1|GH43_26	100.0	364	0	0	1	364	1	364	3.5e-222	773.1
XP_024551147.1	ATZ53965.1|GH43_26	100.0	357	0	0	1	357	28	384	8.7e-218	758.4
XP_024551146.1	ATZ53966.1|GH43_26	100.0	337	0	0	1	337	1	337	1.9e-206	720.7
XP_024551175.1	ATZ54004.1|GH55	100.0	887	0	0	1	887	1	887	0.0e+00	1715.7
XP_001554182.1	ATZ54005.1|GH55	100.0	781	0	0	1	781	1	781	0.0e+00	1555.0
XP_001554259.1	ATZ54055.1|GT8	100.0	330	0	0	1	330	1	330	2.4e-198	693.7
XP_024551225.1	ATZ54087.1|AA3_2	100.0	642	0	0	1	642	1	642	0.0e+00	1261.5
XP_001555685.2	ATZ54141.1|GH43_37	100.0	560	0	0	1	560	1	560	0.0e+00	1121.3
XP_024551290.1	ATZ54212.1|GT8	100.0	624	0	0	1	624	1	624	0.0e+00	1273.8
XP_024551308.1	CCD54136.1|GH1	100.0	478	0	0	1	478	1	478	2.1e-291	1003.4
XP_001546108.1	AWK40335.1|GH6	36.7	700	409	9	184	875	180	853	1.3e-116	423.7
XP_001557465.1	ATZ54416.1|AA5	100.0	713	0	0	1	713	1	713	0.0e+00	1494.2
XP_024551413.1	ATZ54433.1|GH127	100.0	666	0	0	1	666	1	666	0.0e+00	1391.7
XP_001557402.1	CCD51000.1|GT41	100.0	1576	0	0	1	1576	1	1576	0.0e+00	3050.0
XP_001557356.1	CCD51054.2|GH28	100.0	447	0	0	1	447	1	447	1.0e-263	911.4
XP_024551493.1	ATZ54567.1|GH3	100.0	892	0	0	1	892	1	892	0.0e+00	1807.3
XP_001551395.1	CCD50891.1|GH3	100.0	887	0	0	1	887	1	887	0.0e+00	1801.6
XP_001551403.1	ATZ54570.1|PL3_2	100.0	353	0	0	1	353	1	353	5.0e-157	556.6
XP_001551405.1	ATZ54571.1|GH3	100.0	888	0	0	1	888	1	888	0.0e+00	1771.5
XP_024551500.1	ATZ54580.1|GH32	100.0	559	0	0	1	559	1	559	0.0e+00	1122.5
XP_001547522.1	ATZ54631.1|GH28	100.0	432	0	0	1	432	1	432	3.3e-256	886.3
XP_001552465.2	ATZ54646.1|GH1	100.0	675	0	0	1	675	1	675	0.0e+00	1387.5
XP_024551557.1	ATZ54666.1|AA3_2	100.0	594	0	0	1	594	1	594	0.0e+00	1213.7
XP_024551612.1	CBX92400.1|GH30_7	41.6	1002	531	18	2	970	643	1623	1.9e-206	722.2
XP_024551627.1	ATZ54804.1|GH55	100.0	816	0	0	1	816	1	816	0.0e+00	1636.7
XP_001556605.2	AIT18866.1|GH18	35.8	1055	635	18	28	1062	90	1122	7.2e-183	644.0
XP_001556606.2	ATZ54814.1|GH53	100.0	380	0	0	1	380	1	380	1.4e-229	797.7
XP_001556657.2	CCD47669.1|GT2	100.0	246	0	0	1	246	1	246	2.7e-138	493.8
XP_001556658.1	ATZ54862.1|AA3_2	100.0	611	0	0	1	611	1	611	0.0e+00	1214.5
XP_024551677.1	ATZ54900.1|GH35	100.0	1010	0	0	1	1010	1	1010	0.0e+00	2101.2
XP_001550407.1	ATZ54913.1|GH5_49	100.0	552	0	0	1	552	1	552	0.0e+00	1140.9
XP_001556808.2	ATZ54991.1|GT31	100.0	530	0	0	1	530	1	530	1.3e-312	1073.9
XP_001556820.2	ATY59959.1|GT31	49.3	678	279	14	1	663	1	628	1.9e-149	532.3
XP_001558547.2	ATZ55110.1|GH65	100.0	562	0	0	1	562	1	562	0.0e+00	1134.8
XP_001558489.2	AWK40335.1|GH6	36.5	690	413	8	70	749	165	839	5.2e-114	414.8
XP_024551837.1	ATZ55197.1|CBM18|CE4	100.0	465	0	0	1	465	1	465	1.8e-263	910.6
XP_001558417.1	ATZ55218.1|GT1	100.0	504	0	0	1	504	1	504	5.9e-305	1048.5
XP_024551869.1	ATZ55262.1|AA9	100.0	250	0	0	1	250	1	250	1.5e-147	524.6
XP_001548290.1	ATZ55388.1|GH31	100.0	997	0	0	1	997	1	997	0.0e+00	2004.2
XP_024551960.1	ATZ55406.1|GH0	100.0	587	0	0	1	587	1	587	0.0e+00	1206.4
XP_001558008.1	ATZ55410.1|CBM1|GH11	100.0	281	0	0	1	281	1	281	2.7e-150	533.9
XP_001557985.1	CCD45355.1|GH35	100.0	1012	0	0	1	1012	1	1012	0.0e+00	2051.2
XP_024551977.1	CCD45353.1|GT15	100.0	407	0	0	1	407	1	407	1.4e-248	860.9
XP_001557974.1	EAA29319.1|GH93	61.2	456	164	5	1	446	1	453	4.4e-158	560.5
XP_001557899.1	ATZ55501.1|CBM50	100.0	401	0	0	1	401	1	401	1.1e-139	499.2
XP_001557897.2	ATZ55503.1|GH5_7	100.0	396	0	0	1	396	1	396	1.4e-237	824.3
XP_001557882.1	CCD53740.1|GH28	100.0	444	0	0	1	444	1	444	1.1e-259	897.9
XP_024552033.1	ATZ55527.1|GT4	100.0	509	0	0	1	509	1	509	8.1e-294	1011.5
XP_001550325.1	ATZ55551.1|GT2	100.0	1168	0	0	1	1168	1	1168	0.0e+00	2221.0
XP_024552049.1	ATZ55552.1|GT2	100.0	1059	0	0	1	1059	1	1059	0.0e+00	2021.5
XP_024552058.1	ATZ55568.1|AA5_1	100.0	1048	0	0	1	1048	1	1048	0.0e+00	2151.7
XP_024552059.1	CCD53800.2|GH16	100.0	485	0	0	1	485	1	485	2.9e-293	1009.6
XP_024552060.1	ATZ55570.1|GT0	100.0	938	0	0	1	938	1	938	0.0e+00	1867.0
XP_001550285.1	CCD53821.1|GH125	100.0	546	0	0	1	546	1	546	0.0e+00	1117.8
XP_024552087.1	XP_003653167.1|GT0	43.1	684	335	12	7	656	4	667	5.1e-145	517.7
XP_001558095.1	ATZ55666.1|AA3_2	100.0	597	0	0	1	597	1	597	0.0e+00	1236.9
XP_024552149.1	ATZ55714.1|GT62	100.0	481	0	0	1	481	1	481	9.4e-276	951.4
XP_001558147.2	ATZ55716.1|GH3	100.0	820	0	0	1	820	1	820	0.0e+00	1585.1
XP_001558151.1	ATZ55719.1|CBM24	100.0	315	0	0	1	315	1	315	5.3e-134	479.9
XP_001558156.2	ATZ55724.1|AA3_1|AA8	100.0	796	0	0	1	796	1	796	0.0e+00	1533.9
XP_024552167.1	ATZ55747.1|AA3_2	100.0	965	0	0	1	965	1	965	0.0e+00	1881.3
XP_001558190.1	EAA65303.1|GT0	69.7	914	261	4	1	907	677	1581	0.0e+00	1243.8
XP_024552193.1	ATZ55778.1|CBM20|GH15	100.0	615	0	0	1	615	1	615	0.0e+00	1234.9
XP_024552219.1	ATZ55836.1|AA9|CBM18	100.0	437	0	0	1	437	1	437	2.6e-256	886.7
XP_001553936.2	ATZ55904.1|GH28	100.0	437	0	0	1	437	1	437	1.8e-265	917.1
XP_024552271.1	ATZ55924.1|GT58	100.0	441	0	0	1	441	1	441	3.8e-255	882.9
XP_001553911.1	ATZ55926.1|GH128	100.0	316	0	0	1	316	1	316	4.0e-182	639.8
XP_001553848.1	CCD52809.1|GH5_22	100.0	474	0	0	1	474	1	474	3.2e-292	1006.1
XP_024552315.1	ATZ55996.1|GT2	100.0	1779	0	0	1	1779	1	1779	0.0e+00	3540.0
XP_001545514.1	ATZ55997.1|GT2	100.0	1876	0	0	1	1876	1	1876	0.0e+00	3657.8
XP_001547212.2	ATZ56024.1|PL1_4	100.0	387	0	0	1	387	1	387	5.0e-219	762.7
XP_001547202.1	ATZ56032.1|GH105	100.0	387	0	0	1	387	1	387	3.4e-228	793.1
XP_024552368.1	CCD33609.1|GH131	100.0	295	0	0	1	295	1	295	2.0e-164	580.9
XP_001547685.1	ATZ56120.1|GH16	100.0	331	0	0	1	331	1	331	5.1e-196	686.0
XP_001547693.1	ATZ56129.1|GH5_23	100.0	463	0	0	1	463	1	463	1.0e-274	948.0
XP_001547700.1	ATZ56133.1|GH45	100.0	355	0	0	1	355	1	355	5.9e-158	559.7
XP_024552410.1	ATZ56163.1|AA1_3	100.0	607	0	0	1	607	1	607	0.0e+00	1258.0
XP_024552437.1	CBX97514.1|GT57	34.6	1118	541	23	2	970	673	1749	2.4e-140	502.7
XP_024552436.1	CBX97514.1|GT57	35.8	1136	579	28	2	1046	673	1749	1.5e-148	530.0
XP_024552438.1	ATZ56221.1|GT57	100.0	504	0	0	1	504	1	504	3.3e-287	989.6
XP_001555351.2	KFY84961.1|GH135	56.7	383	156	4	1	382	1	374	2.5e-117	424.9
XP_001555330.1	ATZ56370.1|CBM1|GH7	100.0	516	0	0	1	516	1	516	5.9e-300	1031.9
XP_024552540.1	ATZ56393.1|CBM1|GH12	100.0	353	0	0	1	353	1	353	7.6e-174	612.5
XP_024552541.1	CCD54429.1|GH72	100.0	492	0	0	1	492	1	492	3.1e-258	893.3
XP_024552558.1	AAB61358.1|GH28|3.2.1.171	100.0	572	0	0	1	572	1	572	1.5e-291	1004.2
XP_024552580.1	ATZ56465.1|GH5_9	100.0	841	0	0	1	841	1	841	0.0e+00	1416.7
XP_001556295.1	CCD47080.1|GH12	100.0	321	0	0	1	321	1	321	5.1e-185	649.4
XP_024552613.1	ATZ56525.1|GH76	100.0	458	0	0	1	458	1	458	1.0e-263	911.4
XP_001556330.1	ATZ56526.1|CBM18|GH16	100.0	444	0	0	1	444	1	444	2.7e-221	770.4
XP_024552621.1	ATZ56543.1|GT4	100.0	503	0	0	1	503	1	503	2.0e-292	1006.9
XP_001556376.1	ATZ56558.1|CBM42|GH54	100.0	506	0	0	1	506	1	506	2.4e-290	1000.0
XP_001548694.1	ATZ56580.1|GT25	100.0	376	0	0	1	376	1	376	9.8e-220	765.0
XP_024552646.1	ATZ56607.1|GH78	100.0	855	0	0	1	855	1	855	0.0e+00	1680.2
XP_001548196.2	ATZ56617.1|AA3_2	100.0	613	0	0	1	613	1	613	0.0e+00	1212.2
XP_001548189.1	CCD52374.1|GT1	100.0	1210	0	0	1	1210	1	1210	0.0e+00	2349.7
XP_024552670.1	ATZ56650.1|GH78	100.0	683	0	0	1	683	1	683	0.0e+00	1374.8
XP_001554815.1	CCD48213.1|GH13_1	100.0	549	0	0	1	549	1	549	0.0e+00	1085.1
XP_001554791.1	ATZ56695.1|GT71	100.0	464	0	0	1	464	1	464	1.1e-273	944.5
XP_001554752.1	AVI60826.1|GT22	87.8	426	52	0	11	436	583	1008	8.7e-220	765.4
XP_001554727.2	ATZ56739.1|AA5_2|CBM32	100.0	724	0	0	1	724	1	724	0.0e+00	1499.2
XP_001554721.1	CCD33852.1|CE5	100.0	256	0	0	1	256	1	256	6.4e-138	492.7
XP_024552715.1	ATZ56754.1|AA3_2	100.0	553	0	0	1	553	1	553	0.0e+00	1119.0
XP_024552716.1	ATZ56755.1|AA3_2	100.0	620	0	0	1	620	1	620	0.0e+00	1218.8
XP_024552752.1	ATZ56815.1|GH3	100.0	833	0	0	1	833	1	833	0.0e+00	1677.1
XP_001547923.1	ATZ56819.1|GH78	100.0	909	0	0	1	909	1	909	0.0e+00	1929.1
XP_024552770.1	ATZ56838.1|GH28	100.0	402	0	0	1	402	1	402	5.3e-224	779.2
XP_024552771.1	ATZ56839.1|GH28	100.0	411	0	0	1	411	1	411	2.3e-230	800.4
XP_024552772.1	AAV84614.1|GH28|3.2.1.15	100.0	374	0	0	1	374	1	374	5.5e-207	722.6
XP_024552773.1	AAV84614.1|GH28|3.2.1.15	100.0	374	0	0	1	374	1	374	5.5e-207	722.6
XP_024552774.1	AAV84614.1|GH28|3.2.1.15	100.0	374	0	0	1	374	1	374	5.5e-207	722.6
XP_024552778.1	CCD50508.1|GH31	100.0	935	0	0	1	935	1	935	0.0e+00	1928.3
XP_001550077.1	AAV84613.1|GH28|3.2.1.15	100.0	382	0	0	1	382	1	382	2.8e-182	640.6
XP_001550078.1	ATZ56871.1|CE8	100.0	327	0	0	1	327	1	327	1.3e-175	618.2
XP_001546147.1	ATZ56901.1|GT71	100.0	583	0	0	1	583	1	583	0.0e+00	1151.7
XP_001552859.2	BAZ00088.1|GT2	22.2	3257	2019	114	704	3754	318	3264	4.2e-120	437.6
XP_024552826.1	BAZ00088.1|GT2	22.6	3033	1865	107	7	2853	529	3264	1.8e-118	431.8
XP_024552845.1	AIE96983.1|GT0|GT7	33.3	1285	704	28	26	1253	7	1195	1.1e-185	653.7
XP_024552848.1	CCD44355.1|PL1_7	100.0	335	0	0	1	335	1	335	3.3e-179	630.2
XP_001552808.1	CCD44346.1|CBM1|GH5_5	100.0	411	0	0	1	411	1	411	1.6e-231	804.3
XP_001552807.1	CCD44345.2|CBM1|GH6	100.0	457	0	0	1	457	1	457	6.1e-240	832.4
XP_024552853.1	ATZ56970.1|GT8	100.0	316	0	0	1	316	1	316	1.4e-190	667.9
XP_024552911.1	ATZ57062.1|AA3_2	100.0	517	0	0	1	517	1	517	9.1e-301	1034.6
XP_024552912.1	ATZ57062.1|AA3_2	100.0	517	0	0	1	517	1	517	9.1e-301	1034.6
XP_001553186.1	AAK77953.1|AA1_3	100.0	581	0	0	1	581	1	581	0.0e+00	1198.0
XP_001551285.1	ATZ57108.1|GH51	100.0	533	0	0	1	533	1	533	0.0e+00	1102.8
XP_001551291.2	CCD44190.1|GH16	100.0	668	0	0	1	668	1	668	0.0e+00	1361.3
XP_001551326.1	CBX98831.1|GH132	61.3	775	246	10	3	733	2	766	8.4e-260	899.0
XP_001549476.1	CCD48853.1|PL1_4	100.0	392	0	0	1	392	1	392	7.0e-221	768.8
XP_024553014.1	ATZ57222.1|GT34	100.0	309	0	0	1	309	1	309	1.1e-179	631.7
XP_001550496.1	ATZ57239.1|GH72	100.0	457	0	0	1	457	1	457	3.2e-233	810.1
XP_024553067.1	ATZ57303.1|CE0	100.0	340	0	0	1	340	1	340	4.4e-203	709.5
XP_024553068.1	ATZ57304.1|CE0	100.0	337	0	0	1	337	1	337	1.9e-198	694.1
XP_024553117.1	ATZ57389.1|CE9	100.0	396	0	0	1	396	1	396	9.6e-234	811.6
XP_024553127.1	ATZ57408.1|AA3_2	100.0	590	0	0	1	590	1	590	0.0e+00	1159.1
XP_001550245.1	ATZ57409.1|GH62	100.0	320	0	0	1	320	1	320	4.8e-183	642.9
XP_024553142.1	ATZ57431.1|CE5	100.0	239	0	0	1	239	1	239	4.4e-133	476.5
XP_024553156.1	XP_361931.1|CBM66|GH43_34	55.4	368	154	5	4	366	561	923	1.0e-107	392.9
XP_024553166.1	ATZ57470.1|GT1	100.0	1443	0	0	1	1443	1	1443	0.0e+00	2804.2
XP_001545788.1	ATZ57485.1|GT25	100.0	373	0	0	1	373	1	373	2.0e-220	767.3
XP_001553659.2	ATZ57513.1|GH47	100.0	996	0	0	1	996	1	996	0.0e+00	1965.3
XP_001553665.1	AIT18866.1|GH18	36.9	1041	615	19	11	1040	82	1091	2.3e-192	675.6
XP_024553208.1	ATZ57532.1|CBM1|CE1	100.0	354	0	0	1	354	1	354	1.1e-209	731.5
XP_001553690.2	ATZ57541.1|GT71	100.0	489	0	0	1	489	1	489	6.8e-290	998.4
XP_024553215.1	BBE14729.1|GT4	55.7	510	207	3	51	549	6	507	1.1e-155	552.7
XP_001553707.1	ATZ57550.1|AA3_1|AA8|CBM1	100.0	845	0	0	1	845	1	845	0.0e+00	1659.0
XP_001547954.1	CCD47440.1|GH11	100.0	222	0	0	1	222	1	222	5.5e-122	439.5
XP_024553253.1	ATZ57614.1|CBM24|GH71	100.0	708	0	0	1	708	1	708	0.0e+00	1354.3
XP_024553255.1	CCD47422.1|GT57	100.0	601	0	0	1	601	1	601	0.0e+00	1202.6
XP_024553280.1	ATZ57657.1|CBM48|GH13_8	100.0	700	0	0	1	700	1	700	0.0e+00	1454.9
XP_024553279.1	ATZ57657.1|CBM48|GH13_8	100.0	700	0	0	1	700	1	700	0.0e+00	1454.9
XP_024553293.1	CCD47351.1|GT3	100.0	714	0	0	1	714	1	714	0.0e+00	1458.0
XP_024553300.1	ATZ57693.1|CBM1|GH3	100.0	824	0	0	1	824	1	824	0.0e+00	1542.7
XP_001558265.1	ATZ57770.1|GT32	100.0	339	0	0	1	339	1	339	4.0e-196	686.4
XP_001558268.1	ATZ57772.1|GH16	100.0	451	0	0	1	451	1	451	3.8e-263	909.4
XP_001558272.1	CCD47236.1|CE5	100.0	202	0	0	1	202	1	202	3.0e-106	387.1
XP_024553353.1	ATZ57781.1|AA9|CBM1	100.0	323	0	0	1	323	1	323	1.1e-176	621.7
XP_001558302.1	ATZ57800.1|AA1	100.0	734	0	0	1	734	1	734	0.0e+00	1485.7
XP_024553369.1	ATZ57810.1|GT39	100.0	741	0	0	1	741	1	741	0.0e+00	1540.8
XP_024553381.1	ATZ57832.1|GT35	100.0	884	0	0	1	884	1	884	0.0e+00	1779.2
XP_001558352.1	ATZ57841.1|CBM50	100.0	631	0	0	1	631	1	631	0.0e+00	1222.2
XP_001558374.1	ATZ57865.1|CBM1	100.0	257	0	0	1	257	1	257	9.0e-116	419.1
XP_024553436.1	ATZ57913.1|GT59	100.0	598	0	0	1	598	1	598	0.0e+00	1158.7
XP_024553497.1	ATZ58018.1|GH28	100.0	414	0	0	1	414	1	414	2.2e-244	847.0
XP_024553506.1	CCD44034.1|GH72	100.0	463	0	0	1	463	1	463	6.6e-242	839.0
XP_024553530.1	ATZ58062.1|GH76	100.0	661	0	0	1	661	1	661	1.2e-305	1051.2
XP_001549735.2	ATZ58093.1|GT8	100.0	441	0	0	1	441	1	441	8.9e-265	914.8
XP_024553571.1	ATZ58128.1|GT1	100.0	830	0	0	1	830	1	830	0.0e+00	1680.2
XP_001546880.1	CBX99002.1|GH18	82.6	304	49	2	1	303	1	301	5.5e-142	506.5
XP_024553622.1	CBX92400.1|GH30_7	37.2	991	476	21	2	855	642	1623	3.5e-164	581.6
XP_001546886.1	CBX92400.1|GH30_7	37.2	991	476	21	2	855	642	1623	3.5e-164	581.6
XP_024553655.1	ATZ58248.1|CBM24|GH71	100.0	726	0	0	1	726	1	726	0.0e+00	1491.1
XP_024553720.1	ATZ58343.1|GT69	100.0	607	0	0	1	607	1	607	0.0e+00	1231.1
XP_001546507.1	ATZ58346.1|CBM1|GH18	100.0	421	0	0	1	421	1	421	2.1e-207	724.2
XP_001553377.1	CCD48755.1|GH63	100.0	829	0	0	1	829	1	829	0.0e+00	1718.4
XP_024553799.1	ATZ58467.1|GH0	100.0	499	0	0	1	499	1	499	1.2e-220	768.5
XP_024553815.1	AGT85755.1|CBM13	37.8	711	382	16	18	705	44	717	4.7e-117	424.9
XP_024553814.1	AGT85755.1|CBM13	37.9	715	380	16	18	709	44	717	3.9e-119	431.8
XP_001551875.1	ATZ58546.1|GH5_5	100.0	379	0	0	1	379	1	379	1.6e-222	774.2
XP_001550707.1	CCD55925.1|GH7	100.0	450	0	0	1	450	1	450	6.8e-268	925.2
XP_024553945.1	ATZ58688.1|GH1	100.0	576	0	0	1	576	1	576	0.0e+00	1191.0
XP_001547801.1	ATZ58699.1|GH16	100.0	315	0	0	1	315	1	315	2.0e-181	637.5
XP_024553962.1	ATZ58714.1|GH47	100.0	568	0	0	1	568	1	568	0.0e+00	1171.8
XP_024553961.1	CCD55952.1|GH47	100.0	573	0	0	1	573	1	573	0.0e+00	1181.4
XP_024554066.1	ATZ58863.1|GH32	100.0	836	0	0	1	836	1	836	0.0e+00	1585.5
